<<<<<<< HEAD
[Fri, 11 Jan 19 01:31:09 +0300][DEBUG] 
[Fri, 11 Jan 19 01:32:05 +0300][NOTICE] 
[Fri, 11 Jan 19 01:32:05 +0300][DEBUG] 
[Fri, 11 Jan 19 01:33:57 +0300][DEBUG]  sddqsd 5
[Fri, 11 Jan 19 01:33:57 +0300][DEBUG] 
[Fri, 11 Jan 19 01:34:25 +0300][DEBUG] ssqdsqd 313
[Fri, 11 Jan 19 01:34:25 +0300][DEBUG] ssqdsqd 316
[Fri, 11 Jan 19 01:34:25 +0300][DEBUG] ssqdsqd 317
[Fri, 11 Jan 19 01:34:25 +0300][DEBUG] ssqdsqd 330
[Fri, 11 Jan 19 01:34:25 +0300][DEBUG] ssqdsqd 7
[Fri, 11 Jan 19 01:35:39 +0300][CRITICAL] 23503 SQLSTATE[23503]: Foreign key violation: 7 ERROR:  insert or update on table "user_chat_groups" violates foreign key constraint "user_chat_groups_user_id_fkey"
DETAIL:  Key (user_id)=(330) is not present in table "users".
[Fri, 11 Jan 19 01:37:58 +0300][DEBUG] user 1
[Fri, 11 Jan 19 01:37:58 +0300][DEBUG] user 1
[Fri, 11 Jan 19 01:37:58 +0300][DEBUG] user 1
[Fri, 11 Jan 19 01:37:58 +0300][DEBUG] user 
[Fri, 11 Jan 19 01:37:58 +0300][CRITICAL] 23503 SQLSTATE[23503]: Foreign key violation: 7 ERROR:  insert or update on table "user_chat_groups" violates foreign key constraint "user_chat_groups_user_id_fkey"
DETAIL:  Key (user_id)=(330) is not present in table "users".
[Fri, 11 Jan 19 01:39:56 +0300][CRITICAL] 23503 SQLSTATE[23503]: Foreign key violation: 7 ERROR:  insert or update on table "user_chat_groups" violates foreign key constraint "user_chat_groups_user_id_fkey"
DETAIL:  Key (user_id)=(330) is not present in table "users".
[Fri, 11 Jan 19 01:40:11 +0300][CRITICAL] 23503 SQLSTATE[23503]: Foreign key violation: 7 ERROR:  insert or update on table "user_chat_groups" violates foreign key constraint "user_chat_groups_user_id_fkey"
DETAIL:  Key (user_id)=(330) is not present in table "users".
[Fri, 11 Jan 19 01:41:31 +0300][DEBUG] dsd 
[Fri, 11 Jan 19 01:41:31 +0300][CRITICAL] 23503 SQLSTATE[23503]: Foreign key violation: 7 ERROR:  insert or update on table "user_chat_groups" violates foreign key constraint "user_chat_groups_user_id_fkey"
DETAIL:  Key (user_id)=(330) is not present in table "users".
[Fri, 11 Jan 19 01:42:01 +0300][DEBUG] dsd 
[Fri, 11 Jan 19 01:42:01 +0300][CRITICAL] 23503 SQLSTATE[23503]: Foreign key violation: 7 ERROR:  insert or update on table "user_chat_groups" violates foreign key constraint "user_chat_groups_user_id_fkey"
DETAIL:  Key (user_id)=(330) is not present in table "users".
[Fri, 11 Jan 19 01:43:06 +0300][DEBUG] dsd ** 1
[Fri, 11 Jan 19 01:43:06 +0300][DEBUG] dsd ** 1
[Fri, 11 Jan 19 01:43:06 +0300][DEBUG] dsd ** 1
[Fri, 11 Jan 19 01:43:06 +0300][DEBUG] dsd ** 
[Fri, 11 Jan 19 01:43:06 +0300][CRITICAL] 23503 SQLSTATE[23503]: Foreign key violation: 7 ERROR:  insert or update on table "user_chat_groups" violates foreign key constraint "user_chat_groups_user_id_fkey"
DETAIL:  Key (user_id)=(330) is not present in table "users".
[Fri, 11 Jan 19 01:46:59 +0300][DEBUG] dsd ** 1
[Fri, 11 Jan 19 01:46:59 +0300][DEBUG] dsd ** 1
[Fri, 11 Jan 19 01:46:59 +0300][DEBUG] dsd ** 1
[Fri, 11 Jan 19 01:46:59 +0300][DEBUG] dsd ** 
[Fri, 11 Jan 19 01:46:59 +0300][CRITICAL] 23503 SQLSTATE[23503]: Foreign key violation: 7 ERROR:  insert or update on table "user_chat_groups" violates foreign key constraint "user_chat_groups_user_id_fkey"
DETAIL:  Key (user_id)=(330) is not present in table "users".
[Fri, 11 Jan 19 01:47:20 +0300][DEBUG] dsd ** 1
[Fri, 11 Jan 19 01:47:20 +0300][DEBUG] dsd ** 1
[Fri, 11 Jan 19 01:47:20 +0300][DEBUG] dsd ** 1
[Fri, 11 Jan 19 01:47:20 +0300][DEBUG] dsd ** 
[Fri, 11 Jan 19 01:47:20 +0300][CRITICAL] 23503 SQLSTATE[23503]: Foreign key violation: 7 ERROR:  insert or update on table "user_chat_groups" violates foreign key constraint "user_chat_groups_user_id_fkey"
DETAIL:  Key (user_id)=(330) is not present in table "users".
[Fri, 11 Jan 19 01:48:50 +0300][DEBUG] dsd ** 313
[Fri, 11 Jan 19 01:48:50 +0300][DEBUG] dehors ** 
[Fri, 11 Jan 19 01:48:50 +0300][DEBUG] dsd ** 1
[Fri, 11 Jan 19 01:48:50 +0300][DEBUG] dsd ** 316
[Fri, 11 Jan 19 01:48:50 +0300][DEBUG] dehors ** 
[Fri, 11 Jan 19 01:48:50 +0300][DEBUG] dsd ** 1
[Fri, 11 Jan 19 01:48:50 +0300][DEBUG] dsd ** 317
[Fri, 11 Jan 19 01:48:50 +0300][DEBUG] dehors ** 
[Fri, 11 Jan 19 01:48:50 +0300][DEBUG] dsd ** 1
[Fri, 11 Jan 19 01:48:50 +0300][DEBUG] dsd ** 330
[Fri, 11 Jan 19 01:48:50 +0300][DEBUG] dedans ** 
[Fri, 11 Jan 19 01:48:50 +0300][DEBUG] dsd ** 
[Fri, 11 Jan 19 01:48:50 +0300][CRITICAL] 23503 SQLSTATE[23503]: Foreign key violation: 7 ERROR:  insert or update on table "user_chat_groups" violates foreign key constraint "user_chat_groups_user_id_fkey"
DETAIL:  Key (user_id)=(330) is not present in table "users".
[Fri, 11 Jan 19 02:09:00 +0300][DEBUG] creation of chat history id =59
=======
s
[Sat, 29 Dec 18 13:23:01 +0300][CRITICAL] user id = 6
[Sat, 29 Dec 18 13:23:21 +0300][CRITICAL] user id = 6
[Sat, 29 Dec 18 16:05:15 +0300][CRITICAL] 6001 User already signed on this category
[Sat, 29 Dec 18 16:05:42 +0300][CRITICAL] 6002 Unable to sign user to category
[Sun, 30 Dec 18 15:33:28 +0300][CRITICAL] 7004 Unable save image
[Sun, 30 Dec 18 15:34:16 +0300][CRITICAL] 7004 Unable save image
[Sun, 30 Dec 18 15:35:15 +0300][CRITICAL] 7004 Unable save image
[Sun, 30 Dec 18 16:05:09 +0300][CRITICAL] 7002 Image not found
[Thu, 03 Jan 19 13:39:20 +0300][CRITICAL] 8001 unable to create news
[Thu, 03 Jan 19 14:29:04 +0300][CRITICAL] 8002 News don't exists
[Thu, 03 Jan 19 14:29:16 +0300][CRITICAL] 8002 News don't exists
[Thu, 03 Jan 19 14:29:33 +0300][CRITICAL] 8002 News don't exists
[Thu, 03 Jan 19 14:30:05 +0300][CRITICAL] 8002 News don't exists
[Thu, 03 Jan 19 14:31:08 +0300][CRITICAL] 8002 News don't exists
[Fri, 04 Jan 19 16:04:23 +0300][CRITICAL] 9004 Unable create service
[Fri, 04 Jan 19 16:05:03 +0300][CRITICAL] 9004 Unable create service
[Fri, 04 Jan 19 16:05:53 +0300][CRITICAL] 9004 Unable create service
[Fri, 04 Jan 19 16:07:56 +0300][CRITICAL] 9004 Unable create service
[Sat, 05 Jan 19 12:33:49 +0300][CRITICAL] 10003 Unable create tag for service
[Sat, 05 Jan 19 12:34:20 +0300][CRITICAL] 10003 Unable create tag for service
[Sat, 05 Jan 19 13:41:03 +0300][CRITICAL] 7002 Image not found
[Sat, 05 Jan 19 13:41:51 +0300][CRITICAL] 9001 Service don't exists
[Sat, 05 Jan 19 13:42:00 +0300][CRITICAL] 9001 Service don't exists
[Sat, 05 Jan 19 13:42:05 +0300][CRITICAL] 9001 Service don't exists
[Sat, 05 Jan 19 13:42:12 +0300][CRITICAL] 9001 Service don't exists
[Sat, 05 Jan 19 13:56:52 +0300][CRITICAL] 10003 Unable create tag for service
[Sun, 06 Jan 19 17:45:33 +0300][CRITICAL] 1001 Unable to create account
[Wed, 09 Jan 19 11:33:02 +0300][CRITICAL] 12001 Company don't exists
[Wed, 09 Jan 19 11:33:23 +0300][CRITICAL] 12001 Company don't exists
[Wed, 09 Jan 19 11:34:04 +0300][CRITICAL] 12001 Company don't exists
[Wed, 09 Jan 19 11:34:18 +0300][CRITICAL] 12001 Company don't exists
[Wed, 09 Jan 19 11:34:33 +0300][CRITICAL] 12001 Company don't exists
[Wed, 09 Jan 19 11:34:50 +0300][CRITICAL] 12003 Unable change company
[Wed, 09 Jan 19 11:35:00 +0300][CRITICAL] 12003 Unable change company
[Wed, 09 Jan 19 16:22:10 +0300][CRITICAL] 11003 Unable create trade point
[Wed, 09 Jan 19 16:22:30 +0300][CRITICAL] 11003 Unable create trade point
[Wed, 09 Jan 19 16:22:42 +0300][CRITICAL] 11003 Unable create trade point
[Wed, 09 Jan 19 16:23:09 +0300][CRITICAL] 11003 Unable create trade point
[Wed, 09 Jan 19 16:23:59 +0300][CRITICAL] 11003 Unable create trade point
[Wed, 09 Jan 19 16:37:08 +0300][CRITICAL] 11006 Unable change trade point
[Wed, 09 Jan 19 16:37:24 +0300][CRITICAL] 11006 Unable change trade point
[Wed, 09 Jan 19 16:40:11 +0300][CRITICAL] 11006 Unable change trade point
[Wed, 09 Jan 19 16:40:50 +0300][CRITICAL] 11006 Unable change trade point
[Wed, 09 Jan 19 16:48:44 +0300][CRITICAL] 11006 Unable change trade point
[Wed, 09 Jan 19 16:49:40 +0300][CRITICAL] 11006 Unable change trade point
[Wed, 09 Jan 19 16:49:57 +0300][CRITICAL] 11006 Unable change trade point
[Wed, 09 Jan 19 16:51:39 +0300][CRITICAL] 11006 Unable change trade point
[Wed, 09 Jan 19 16:51:46 +0300][CRITICAL] 11006 Unable change trade point
[Wed, 09 Jan 19 16:51:53 +0300][CRITICAL] 11006 Unable change trade point
[Wed, 09 Jan 19 16:51:57 +0300][CRITICAL] 11006 Unable change trade point
[Wed, 09 Jan 19 16:52:00 +0300][CRITICAL] 11006 Unable change trade point
[Wed, 09 Jan 19 16:52:13 +0300][CRITICAL] 11006 Unable change trade point
[Thu, 10 Jan 19 15:04:57 +0300][CRITICAL] 13001 Comment don't exists
[Thu, 10 Jan 19 15:05:09 +0300][CRITICAL] 13001 Comment don't exists
[Thu, 10 Jan 19 15:05:20 +0300][CRITICAL] 13001 Comment don't exists
[Thu, 10 Jan 19 15:05:41 +0300][CRITICAL] 13001 Comment don't exists
[Thu, 10 Jan 19 15:05:52 +0300][CRITICAL] 13001 Comment don't exists
[Thu, 10 Jan 19 15:06:35 +0300][CRITICAL] 13001 Comment don't exists
[Thu, 10 Jan 19 15:06:57 +0300][CRITICAL] 13001 Comment don't exists
[Thu, 10 Jan 19 15:29:38 +0300][CRITICAL] 13004 Unable create comment
[Fri, 11 Jan 19 14:09:39 +0300][CRITICAL] 12001 Unable add phone
[Fri, 11 Jan 19 14:10:16 +0300][CRITICAL] 12001 Unable add phone
[Fri, 11 Jan 19 14:11:53 +0300][CRITICAL] 12001 Unable add phone
[Fri, 11 Jan 19 14:12:08 +0300][CRITICAL] 12005 Unable add phone to company
[Fri, 11 Jan 19 14:18:58 +0300][CRITICAL] 12001 Unable add phone
[Fri, 11 Jan 19 15:56:37 +0300][CRITICAL] 4005 Unable subscribe user to company
[Fri, 11 Jan 19 15:58:47 +0300][CRITICAL] 4005 Unable subscribe user to company
>>>>>>> changing_to_micro
